# JRE version: Java(TM) SE Runtime Environment (8.0_25-b18) (build 1.8.0_25-b18)
# Java VM: Java HotSpot(TM) 64-Bit Server VM (25.25-b02 mixed mode windows-amd64 compressed oops)
Heap:
 PSYoungGen      total 18944K, used 2479K [0x00000000eab00000, 0x00000000ec000000, 0x0000000100000000)
  eden space 16384K, 0% used [0x00000000eab00000,0x00000000eab00000,0x00000000ebb00000)
  from space 2560K, 96% used [0x00000000ebd80000,0x00000000ebfebd48,0x00000000ec000000)
  to   space 2560K, 0% used [0x00000000ebb00000,0x00000000ebb00000,0x00000000ebd80000)
 ParOldGen       total 30720K, used 474K [0x00000000c0000000, 0x00000000c1e00000, 0x00000000eab00000)
  object space 30720K, 1% used [0x00000000c0000000,0x00000000c0076b68,0x00000000c1e00000)
 Metaspace       used 5127K, capacity 6448K, committed 6528K, reserved 1062912K
  class space    used 543K, capacity 616K, committed 640K, reserved 1048576K
GC Heap History (7 events):
Event: 0.300 GC heap before
{Heap before GC invocations=1 (full 0):
 PSYoungGen      total 18944K, used 1310K [0x00000000eab00000, 0x00000000ec000000, 0x0000000100000000)
  eden space 16384K, 8% used [0x00000000eab00000,0x00000000eac47be0,0x00000000ebb00000)
  from space 2560K, 0% used [0x00000000ebd80000,0x00000000ebd80000,0x00000000ec000000)
  to   space 2560K, 0% used [0x00000000ebb00000,0x00000000ebb00000,0x00000000ebd80000)
 ParOldGen       total 44032K, used 0K [0x00000000c0000000, 0x00000000c2b00000, 0x00000000eab00000)
  object space 44032K, 0% used [0x00000000c0000000,0x00000000c0000000,0x00000000c2b00000)
 Metaspace       used 2807K, capacity 4484K, committed 4736K, reserved 1060864K
  class space    used 303K, capacity 384K, committed 384K, reserved 1048576K
Event: 0.302 GC heap after
Heap after GC invocations=1 (full 0):
 PSYoungGen      total 18944K, used 576K [0x00000000eab00000, 0x00000000ec000000, 0x0000000100000000)
  eden space 16384K, 0% used [0x00000000eab00000,0x00000000eab00000,0x00000000ebb00000)
  from space 2560K, 22% used [0x00000000ebb00000,0x00000000ebb90000,0x00000000ebd80000)
  to   space 2560K, 0% used [0x00000000ebd80000,0x00000000ebd80000,0x00000000ec000000)
 ParOldGen       total 44032K, used 8K [0x00000000c0000000, 0x00000000c2b00000, 0x00000000eab00000)
  object space 44032K, 0% used [0x00000000c0000000,0x00000000c0002000,0x00000000c2b00000)
 Metaspace       used 2807K, capacity 4484K, committed 4736K, reserved 1060864K
  class space    used 303K, capacity 384K, committed 384K, reserved 1048576K
}
Event: 0.302 GC heap before
{Heap before GC invocations=2 (full 1):
 PSYoungGen      total 18944K, used 576K [0x00000000eab00000, 0x00000000ec000000, 0x0000000100000000)
  eden space 16384K, 0% used [0x00000000eab00000,0x00000000eab00000,0x00000000ebb00000)
  from space 2560K, 22% used [0x00000000ebb00000,0x00000000ebb90000,0x00000000ebd80000)
  to   space 2560K, 0% used [0x00000000ebd80000,0x00000000ebd80000,0x00000000ec000000)
 ParOldGen       total 44032K, used 8K [0x00000000c0000000, 0x00000000c2b00000, 0x00000000eab00000)
  object space 44032K, 0% used [0x00000000c0000000,0x00000000c0002000,0x00000000c2b00000)
 Metaspace       used 2807K, capacity 4484K, committed 4736K, reserved 1060864K
  class space    used 303K, capacity 384K, committed 384K, reserved 1048576K
Event: 0.311 GC heap after
Heap after GC invocations=2 (full 1):
 PSYoungGen      total 18944K, used 0K [0x00000000eab00000, 0x00000000ec000000, 0x0000000100000000)
  eden space 16384K, 0% used [0x00000000eab00000,0x00000000eab00000,0x00000000ebb00000)
  from space 2560K, 0% used [0x00000000ebb00000,0x00000000ebb00000,0x00000000ebd80000)
  to   space 2560K, 0% used [0x00000000ebd80000,0x00000000ebd80000,0x00000000ec000000)
 ParOldGen       total 30720K, used 466K [0x00000000c0000000, 0x00000000c1e00000, 0x00000000eab00000)
  object space 30720K, 1% used [0x00000000c0000000,0x00000000c0074b68,0x00000000c1e00000)
 Metaspace       used 2807K, capacity 4484K, committed 4736K, reserved 1058816K
  class space    used 303K, capacity 384K, committed 384K, reserved 1048576K
}
Event: 1.436 GC heap before
{Heap before GC invocations=3 (full 1):
 PSYoungGen      total 18944K, used 8851K [0x00000000eab00000, 0x00000000ec000000, 0x0000000100000000)
  eden space 16384K, 54% used [0x00000000eab00000,0x00000000eb3a4db0,0x00000000ebb00000)
  from space 2560K, 0% used [0x00000000ebb00000,0x00000000ebb00000,0x00000000ebd80000)
  to   space 2560K, 0% used [0x00000000ebd80000,0x00000000ebd80000,0x00000000ec000000)
 ParOldGen       total 30720K, used 466K [0x00000000c0000000, 0x00000000c1e00000, 0x00000000eab00000)
  object space 30720K, 1% used [0x00000000c0000000,0x00000000c0074b68,0x00000000c1e00000)
 Metaspace       used 5127K, capacity 6448K, committed 6528K, reserved 1062912K
  class space    used 543K, capacity 616K, committed 640K, reserved 1048576K
Event: 1.439 GC heap after
Heap after GC invocations=3 (full 1):
 PSYoungGen      total 18944K, used 2479K [0x00000000eab00000, 0x00000000ec000000, 0x0000000100000000)
  eden space 16384K, 0% used [0x00000000eab00000,0x00000000eab00000,0x00000000ebb00000)
  from space 2560K, 96% used [0x00000000ebd80000,0x00000000ebfebd48,0x00000000ec000000)
  to   space 2560K, 0% used [0x00000000ebb00000,0x00000000ebb00000,0x00000000ebd80000)
 ParOldGen       total 30720K, used 474K [0x00000000c0000000, 0x00000000c1e00000, 0x00000000eab00000)
  object space 30720K, 1% used [0x00000000c0000000,0x00000000c0076b68,0x00000000c1e00000)
 Metaspace       used 5127K, capacity 6448K, committed 6528K, reserved 1062912K
  class space    used 543K, capacity 616K, committed 640K, reserved 1048576K
}
Event: 1.439 GC heap before
{Heap before GC invocations=4 (full 2):
 PSYoungGen      total 18944K, used 2479K [0x00000000eab00000, 0x00000000ec000000, 0x0000000100000000)
  eden space 16384K, 0% used [0x00000000eab00000,0x00000000eab00000,0x00000000ebb00000)
  from space 2560K, 96% used [0x00000000ebd80000,0x00000000ebfebd48,0x00000000ec000000)
  to   space 2560K, 0% used [0x00000000ebb00000,0x00000000ebb00000,0x00000000ebd80000)
 ParOldGen       total 30720K, used 474K [0x00000000c0000000, 0x00000000c1e00000, 0x00000000eab00000)
  object space 30720K, 1% used [0x00000000c0000000,0x00000000c0076b68,0x00000000c1e00000)
 Metaspace       used 5127K, capacity 6448K, committed 6528K, reserved 1062912K
  class space    used 543K, capacity 616K, committed 640K, reserved 1048576K

